{
  "RSpec": {
    "coverage": {
      "/Users/apprentice/Desktop/evening-edition/app/helpers/application_helper.rb": [
        1,
        1,
        0,
        null,
        null,
        1,
        0,
        null,
        null
      ],
      "/Users/apprentice/Desktop/evening-edition/app/models/section.rb": [
        1,
        1,
        1,
        1,
        null,
        1,
        null,
        null,
        1,
        null,
        null,
        null,
        5,
        5,
        null,
        null,
        null,
        null,
        null,
        null,
        1,
        1,
        35,
        5,
        5,
        15,
        15,
        15,
        70,
        30,
        null,
        40,
        null,
        null,
        null,
        5,
        null,
        null,
        1,
        5,
        null,
        15,
        null,
        null,
        null
      ],
      "/Users/apprentice/Desktop/evening-edition/app/models/subscription.rb": [
        1,
        1,
        1,
        null,
        1,
        1,
        null,
        1,
        1,
        1,
        1,
        1,
        null,
        1,
        0,
        0,
        0,
        null,
        null,
        1,
        0,
        0,
        0,
        null,
        0,
        null,
        null,
        1,
        0,
        0,
        0,
        0,
        0,
        0,
        0,
        0,
        null,
        0,
        null,
        null,
        0,
        0,
        0,
        0,
        0,
        0,
        0,
        0,
        0,
        0,
        0,
        null,
        0,
        0,
        null,
        null,
        null,
        null,
        0,
        0,
        0,
        null,
        0,
        null,
        null,
        1,
        1,
        0,
        0,
        0,
        null,
        null,
        1,
        0,
        0,
        0,
        0,
        0,
        null,
        null,
        null,
        null
      ],
      "/Users/apprentice/Desktop/evening-edition/app/models/article.rb": [
        1,
        1,
        null,
        1,
        0,
        0,
        0,
        0,
        0,
        null,
        null,
        null,
        1,
        70,
        null,
        null
      ]
    },
    "timestamp": 1437332944
  }
}
